#
# A fatal error has been detected by the Java Runtime Environment:
#
#  EXCEPTION_ACCESS_VIOLATION (0xc0000005) at pc=0x000000006da482b5, pid=4456, tid=5852
#
# JRE version: Java(TM) SE Runtime Environment (8.0_45-b15) (build 1.8.0_45-b15)
# Java VM: Java HotSpot(TM) 64-Bit Server VM (25.45-b02 mixed mode windows-amd64 compressed oops)
# Problematic frame:
# V  [jvm.dll+0x1282b5]
#
# Failed to write core dump. Minidumps are not enabled by default on client versions of Windows
#
# If you would like to submit a bug report, please visit:
#   http://bugreport.java.com/bugreport/crash.jsp
#

---------------  T H R E A D  ---------------

Current thread (0x0000000056544000):  JavaThread "JDWP Transport Listener: dt_socket" daemon [_thread_in_vm, id=5852, stack(0x0000000057140000,0x0000000057240000)]

siginfo: ExceptionCode=0xc0000005, reading address 0x00003b656c003b74

Registers:
RAX=0x000000005723f301, RBX=0x0000000056544000, RCX=0x00003b656c003b74, RDX=0x0000000000000000
RSP=0x000000005723f320, RBP=0x00003b656c003b74, RSI=0x000000005723f438, RDI=0x0000000001c2d500
R8 =0x0000000056544000, R9 =0x000000000000ff00, R10=0x0000000000000000, R11=0x61638f2d09c10028
R12=0x0000000000000000, R13=0x000000005500feb8, R14=0x0000000000000000, R15=0x0000000000000000
RIP=0x000000006da482b5, EFLAGS=0x0000000000010206

Top of Stack: (sp=0x000000005723f320)
0x000000005723f320:   0000000056544000 0000000056544000
0x000000005723f330:   000000005723f3e8 000000006dc4c7db
0x000000005723f340:   0000000056544000 000000006dc6903d
0x000000005723f350:   0000000000000000 0000000069c89155
0x000000005723f360:   00000000585d4bb8 0000000069c9291e
0x000000005723f370:   0000000056544000 0000000000000000
0x000000005723f380:   0000000000000000 0000000000000000
0x000000005723f390:   00003b656c003b74 0000000069c91a15
0x000000005723f3a0:   000000005723f438 000000005723f410
0x000000005723f3b0:   0000000000000001 00000000585d4bb8
0x000000005723f3c0:   00003b656c003b74 0000000069c753b3
0x000000005723f3d0:   000000005723f500 0000000000000001
0x000000005723f3e0:   0000000000000001 00000000585d4bb8
0x000000005723f3f0:   000000000000000a 0000000000000000
0x000000005723f400:   0000000000000000 0000000000000000
0x000000005723f410:   0000000000000001 0000000069c75571 

Instructions: (pc=0x000000006da482b5)
0x000000006da48295:   cc cc cc cc cc cc cc cc cc cc cc 48 83 ec 28 48
0x000000006da482a5:   85 c9 75 07 33 c0 48 83 c4 28 c3 48 89 5c 24 20
0x000000006da482b5:   48 8b 19 48 85 db 74 20 48 83 fb 37 74 1a 48 8b
0x000000006da482c5:   13 48 8b cb ff 52 10 84 c0 74 0d 48 8b c3 48 8b 


Register to memory mapping:

RAX=0x000000005723f301 is pointing into the stack for thread: 0x0000000056544000
RBX=0x0000000056544000 is a thread
RCX=0x00003b656c003b74 is an unknown value
RDX=0x0000000000000000 is an unknown value
RSP=0x000000005723f320 is pointing into the stack for thread: 0x0000000056544000
RBP=0x00003b656c003b74 is an unknown value
RSI=0x000000005723f438 is pointing into the stack for thread: 0x0000000056544000
RDI=0x0000000001c2d500 is an unknown value
R8 =0x0000000056544000 is a thread
R9 =0x000000000000ff00 is an unknown value
R10=0x0000000000000000 is an unknown value
R11=0x61638f2d09c10028 is an unknown value
R12=0x0000000000000000 is an unknown value
R13=0x000000005500feb8 is an unknown value
R14=0x0000000000000000 is an unknown value
R15=0x0000000000000000 is an unknown value


Stack: [0x0000000057140000,0x0000000057240000],  sp=0x000000005723f320,  free space=1020k
Native frames: (J=compiled Java code, j=interpreted, Vv=VM code, C=native code)
V  [jvm.dll+0x1282b5]
V  [jvm.dll+0x34903d]
C  [jdwp.dll+0x21a15]
C  [jdwp.dll+0x53b3]
C  [jdwp.dll+0x5571]
C  [jdwp.dll+0xf0a8]
C  [jdwp.dll+0x1f2d5]
C  [jdwp.dll+0x1f4aa]
V  [jvm.dll+0x1bae98]
V  [jvm.dll+0x241984]
V  [jvm.dll+0x29853a]
C  [msvcr100.dll+0x21d9f]
C  [msvcr100.dll+0x21e3b]
C  [kernel32.dll+0x159cd]
C  [ntdll.dll+0x5385d]


---------------  P R O C E S S  ---------------

Java Threads: ( => current thread )
  0x00000000580a4000 JavaThread "http-nio-8080-exec-10" daemon [_thread_blocked, id=5540, stack(0x0000000064850000,0x0000000064950000)]
  0x00000000580a3000 JavaThread "http-nio-8080-exec-9" daemon [_thread_blocked, id=5596, stack(0x00000000646c0000,0x00000000647c0000)]
  0x000000005ca22000 JavaThread "http-nio-8080-exec-8" daemon [_thread_blocked, id=1352, stack(0x0000000064540000,0x0000000064640000)]
  0x000000005ca21000 JavaThread "http-nio-8080-exec-7" daemon [_thread_blocked, id=1512, stack(0x0000000064080000,0x0000000064180000)]
  0x000000005ca20800 JavaThread "http-nio-8080-exec-6" daemon [_thread_blocked, id=3136, stack(0x0000000063c60000,0x0000000063d60000)]
  0x000000005ca1f800 JavaThread "http-nio-8080-exec-5" daemon [_thread_blocked, id=5352, stack(0x00000000605b0000,0x00000000606b0000)]
  0x000000005ca1f000 JavaThread "http-nio-8080-exec-4" daemon [_thread_blocked, id=5368, stack(0x00000000575b0000,0x00000000576b0000)]
  0x000000005ca1e000 JavaThread "http-nio-8080-exec-3" daemon [_thread_blocked, id=5588, stack(0x00000000630d0000,0x00000000631d0000)]
  0x000000005ca1d800 JavaThread "http-nio-8080-exec-2" daemon [_thread_blocked, id=2676, stack(0x0000000060800000,0x0000000060900000)]
  0x000000005ca1c800 JavaThread "http-nio-8080-exec-1" daemon [_thread_blocked, id=5244, stack(0x0000000062d80000,0x0000000062e80000)]
  0x000000005ca1c000 JavaThread "DestroyJavaVM" [_thread_blocked, id=2360, stack(0x00000000027e0000,0x00000000028e0000)]
  0x000000005ca1b000 JavaThread "http-nio-8080-AsyncTimeout" daemon [_thread_blocked, id=5348, stack(0x00000000638b0000,0x00000000639b0000)]
  0x000000005e47e800 JavaThread "http-nio-8080-Acceptor-0" daemon [_thread_in_native, id=3432, stack(0x00000000643b0000,0x00000000644b0000)]
  0x000000005e47d800 JavaThread "http-nio-8080-ClientPoller-1" daemon [_thread_in_native, id=6112, stack(0x00000000641b0000,0x00000000642b0000)]
  0x0000000061222000 JavaThread "http-nio-8080-ClientPoller-0" daemon [_thread_in_native, id=2504, stack(0x000000005c1b0000,0x000000005c2b0000)]
  0x000000005fd5e800 JavaThread "NioBlockingSelector.BlockPoller-1" daemon [_thread_in_native, id=4524, stack(0x000000005ee30000,0x000000005ef30000)]
  0x000000005b8ab000 JavaThread "Abandoned connection cleanup thread" daemon [_thread_blocked, id=5400, stack(0x000000005f1d0000,0x000000005f2d0000)]
  0x000000005bd72000 JavaThread "Tomcat JDBC Pool Cleaner[349885916:1557663614966]" daemon [_thread_blocked, id=2368, stack(0x000000005dae0000,0x000000005dbe0000)]
  0x000000006043f800 JavaThread "container-0" [_thread_blocked, id=5580, stack(0x00000000606b0000,0x00000000607b0000)]
  0x0000000058199000 JavaThread "ContainerBackgroundProcessor[StandardEngine[Tomcat]]" daemon [_thread_blocked, id=4404, stack(0x000000005c2d0000,0x000000005c3d0000)]
  0x00000000565f2800 JavaThread "Service Thread" daemon [_thread_blocked, id=936, stack(0x0000000057730000,0x0000000057830000)]
  0x00000000565bf000 JavaThread "C1 CompilerThread2" daemon [_thread_blocked, id=5372, stack(0x0000000057440000,0x0000000057540000)]
  0x00000000565bc800 JavaThread "C2 CompilerThread1" daemon [_thread_blocked, id=5384, stack(0x0000000056ac0000,0x0000000056bc0000)]
  0x000000005656a000 JavaThread "C2 CompilerThread0" daemon [_thread_blocked, id=5564, stack(0x0000000056d70000,0x0000000056e70000)]
  0x0000000056552000 JavaThread "JDWP Command Reader" daemon [_thread_in_native, id=440, stack(0x00000000572f0000,0x00000000573f0000)]
  0x000000005654f000 JavaThread "JDWP Event Helper Thread" daemon [_thread_blocked, id=844, stack(0x0000000056f90000,0x0000000057090000)]
=>0x0000000056544000 JavaThread "JDWP Transport Listener: dt_socket" daemon [_thread_in_vm, id=5852, stack(0x0000000057140000,0x0000000057240000)]
  0x0000000055009000 JavaThread "Attach Listener" daemon [_thread_blocked, id=628, stack(0x00000000569b0000,0x0000000056ab0000)]
  0x0000000055008000 JavaThread "Signal Dispatcher" daemon [_thread_blocked, id=3804, stack(0x0000000056050000,0x0000000056150000)]
  0x0000000054faf000 JavaThread "Finalizer" daemon [_thread_blocked, id=5272, stack(0x0000000056420000,0x0000000056520000)]
  0x0000000054fa8000 JavaThread "Reference Handler" daemon [_thread_blocked, id=4224, stack(0x0000000056280000,0x0000000056380000)]

Other Threads:
  0x0000000054fa2800 VMThread [stack: 0x0000000056180000,0x0000000056280000] [id=896]
  0x000000005660c000 WatcherThread [stack: 0x00000000578a0000,0x00000000579a0000] [id=5712]

VM state:not at safepoint (normal execution)

VM Mutex/Monitor currently owned by a thread: None

Heap:
 PSYoungGen      total 186368K, used 39384K [0x00000000eaf80000, 0x00000000f9d00000, 0x0000000100000000)
  eden space 168448K, 23% used [0x00000000eaf80000,0x00000000ed5f6060,0x00000000f5400000)
  from space 17920K, 0% used [0x00000000f5400000,0x00000000f5400000,0x00000000f6580000)
  to   space 20480K, 0% used [0x00000000f8900000,0x00000000f8900000,0x00000000f9d00000)
 ParOldGen       total 89088K, used 30037K [0x00000000c0e00000, 0x00000000c6500000, 0x00000000eaf80000)
  object space 89088K, 33% used [0x00000000c0e00000,0x00000000c2b555b0,0x00000000c6500000)
 Metaspace       used 58510K, capacity 58926K, committed 59800K, reserved 1101824K
  class space    used 7389K, capacity 7507K, committed 7680K, reserved 1048576K

Card table byte_map: [0x0000000011ca0000,0x0000000011ea0000] byte_map_base: 0x0000000011699000

Marking Bits: (ParMarkBitMap*) 0x000000006e124040
 Begin Bits: [0x0000000012480000, 0x0000000013448000)
 End Bits:   [0x0000000013448000, 0x0000000014410000)

Polling page: 0x00000000001c0000

CodeCache: size=245760Kb used=21713Kb max_used=21899Kb free=224046Kb
 bounds [0x00000000028e0000, 0x0000000003e60000, 0x00000000118e0000]
 total_blobs=6672 nmethods=5893 adapters=699
 compilation: enabled

Compilation events (10 events):
Event: 3002.811 Thread 0x00000000565bf000 nmethod 7159 0x00000000034d66d0 code [0x00000000034d68e0, 0x00000000034d71e8]
Event: 3002.836 Thread 0x000000005656a000 nmethod 7153 0x00000000034d1610 code [0x00000000034d17e0, 0x00000000034d22e8]
Event: 3004.916 Thread 0x00000000565bf000 7160       1       com.fasterxml.jackson.databind.JavaType::hashCode (5 bytes)
Event: 3004.917 Thread 0x00000000565bf000 nmethod 7160 0x0000000003cdb550 code [0x0000000003cdb6a0, 0x0000000003cdb7b0]
Event: 3004.948 Thread 0x00000000565bf000 7161       3       java.util.concurrent.locks.AbstractQueuedSynchronizer$ConditionObject::await (98 bytes)
Event: 3004.950 Thread 0x00000000565bf000 nmethod 7161 0x00000000034d48d0 code [0x00000000034d4b80, 0x00000000034d5da8]
Event: 3017.933 Thread 0x00000000565bc800 7162  s    4       org.apache.tomcat.util.collections.SynchronizedQueue::poll (61 bytes)
Event: 3017.939 Thread 0x00000000565bc800 nmethod 7162 0x00000000034cf650 code [0x00000000034cf7a0, 0x00000000034cfad8]
Event: 3079.784 Thread 0x000000005656a000 7163   !   4       org.apache.tomcat.util.net.NioEndpoint$Poller::timeout (493 bytes)
Event: 3079.808 Thread 0x000000005656a000 nmethod 7163 0x00000000034cfcd0 code [0x00000000034cfea0, 0x00000000034d0a68]

GC Heap History (10 events):
Event: 24.725 GC heap before
{Heap before GC invocations=14 (full 2):
 PSYoungGen      total 125952K, used 114176K [0x00000000eaf80000, 0x00000000f5080000, 0x0000000100000000)
  eden space 114176K, 100% used [0x00000000eaf80000,0x00000000f1f00000,0x00000000f1f00000)
  from space 11776K, 0% used [0x00000000f1f00000,0x00000000f1f00000,0x00000000f2a80000)
  to   space 14336K, 0% used [0x00000000f4280000,0x00000000f4280000,0x00000000f5080000)
 ParOldGen       total 68608K, used 23348K [0x00000000c0e00000, 0x00000000c5100000, 0x00000000eaf80000)
  object space 68608K, 34% used [0x00000000c0e00000,0x00000000c24cd3e0,0x00000000c5100000)
 Metaspace       used 43960K, capacity 44332K, committed 44672K, reserved 1087488K
  class space    used 5640K, capacity 5737K, committed 5760K, reserved 1048576K
Event: 24.744 GC heap after
Heap after GC invocations=14 (full 2):
 PSYoungGen      total 150016K, used 10899K [0x00000000eaf80000, 0x00000000f5580000, 0x0000000100000000)
  eden space 135680K, 0% used [0x00000000eaf80000,0x00000000eaf80000,0x00000000f3400000)
  from space 14336K, 76% used [0x00000000f4280000,0x00000000f4d24d50,0x00000000f5080000)
  to   space 14848K, 0% used [0x00000000f3400000,0x00000000f3400000,0x00000000f4280000)
 ParOldGen       total 68608K, used 23356K [0x00000000c0e00000, 0x00000000c5100000, 0x00000000eaf80000)
  object space 68608K, 34% used [0x00000000c0e00000,0x00000000c24cf3e0,0x00000000c5100000)
 Metaspace       used 43960K, capacity 44332K, committed 44672K, reserved 1087488K
  class space    used 5640K, capacity 5737K, committed 5760K, reserved 1048576K
}
Event: 31.182 GC heap before
{Heap before GC invocations=15 (full 2):
 PSYoungGen      total 150016K, used 146579K [0x00000000eaf80000, 0x00000000f5580000, 0x0000000100000000)
  eden space 135680K, 100% used [0x00000000eaf80000,0x00000000f3400000,0x00000000f3400000)
  from space 14336K, 76% used [0x00000000f4280000,0x00000000f4d24d50,0x00000000f5080000)
  to   space 14848K, 0% used [0x00000000f3400000,0x00000000f3400000,0x00000000f4280000)
 ParOldGen       total 68608K, used 23356K [0x00000000c0e00000, 0x00000000c5100000, 0x00000000eaf80000)
  object space 68608K, 34% used [0x00000000c0e00000,0x00000000c24cf3e0,0x00000000c5100000)
 Metaspace       used 49241K, capacity 49670K, committed 50048K, reserved 1093632K
  class space    used 6336K, capacity 6456K, committed 6528K, reserved 1048576K
Event: 31.485 GC heap after
Heap after GC invocations=15 (full 2):
 PSYoungGen      total 150528K, used 11937K [0x00000000eaf80000, 0x00000000f7680000, 0x0000000100000000)
  eden space 135680K, 0% used [0x00000000eaf80000,0x00000000eaf80000,0x00000000f3400000)
  from space 14848K, 80% used [0x00000000f3400000,0x00000000f3fa8520,0x00000000f4280000)
  to   space 15872K, 0% used [0x00000000f6700000,0x00000000f6700000,0x00000000f7680000)
 ParOldGen       total 68608K, used 23364K [0x00000000c0e00000, 0x00000000c5100000, 0x00000000eaf80000)
  object space 68608K, 34% used [0x00000000c0e00000,0x00000000c24d13e0,0x00000000c5100000)
 Metaspace       used 49241K, capacity 49670K, committed 50048K, reserved 1093632K
  class space    used 6336K, capacity 6456K, committed 6528K, reserved 1048576K
}
Event: 38.171 GC heap before
{Heap before GC invocations=16 (full 2):
 PSYoungGen      total 150528K, used 147617K [0x00000000eaf80000, 0x00000000f7680000, 0x0000000100000000)
  eden space 135680K, 100% used [0x00000000eaf80000,0x00000000f3400000,0x00000000f3400000)
  from space 14848K, 80% used [0x00000000f3400000,0x00000000f3fa8520,0x00000000f4280000)
  to   space 15872K, 0% used [0x00000000f6700000,0x00000000f6700000,0x00000000f7680000)
 ParOldGen       total 68608K, used 23364K [0x00000000c0e00000, 0x00000000c5100000, 0x00000000eaf80000)
  object space 68608K, 34% used [0x00000000c0e00000,0x00000000c24d13e0,0x00000000c5100000)
 Metaspace       used 52856K, capacity 53360K, committed 53760K, reserved 1095680K
  class space    used 6735K, capacity 6841K, committed 6912K, reserved 1048576K
Event: 38.222 GC heap after
Heap after GC invocations=16 (full 2):
 PSYoungGen      total 184320K, used 15713K [0x00000000eaf80000, 0x00000000f7700000, 0x0000000100000000)
  eden space 168448K, 0% used [0x00000000eaf80000,0x00000000eaf80000,0x00000000f5400000)
  from space 15872K, 99% used [0x00000000f6700000,0x00000000f7658570,0x00000000f7680000)
  to   space 17920K, 0% used [0x00000000f5400000,0x00000000f5400000,0x00000000f6580000)
 ParOldGen       total 68608K, used 23372K [0x00000000c0e00000, 0x00000000c5100000, 0x00000000eaf80000)
  object space 68608K, 34% used [0x00000000c0e00000,0x00000000c24d33e0,0x00000000c5100000)
 Metaspace       used 52856K, capacity 53360K, committed 53760K, reserved 1095680K
  class space    used 6735K, capacity 6841K, committed 6912K, reserved 1048576K
}
Event: 2796.297 GC heap before
{Heap before GC invocations=17 (full 2):
 PSYoungGen      total 184320K, used 132411K [0x00000000eaf80000, 0x00000000f7700000, 0x0000000100000000)
  eden space 168448K, 69% used [0x00000000eaf80000,0x00000000f21768d8,0x00000000f5400000)
  from space 15872K, 99% used [0x00000000f6700000,0x00000000f7658570,0x00000000f7680000)
  to   space 17920K, 0% used [0x00000000f5400000,0x00000000f5400000,0x00000000f6580000)
 ParOldGen       total 68608K, used 23372K [0x00000000c0e00000, 0x00000000c5100000, 0x00000000eaf80000)
  object space 68608K, 34% used [0x00000000c0e00000,0x00000000c24d33e0,0x00000000c5100000)
 Metaspace       used 58250K, capacity 58762K, committed 59160K, reserved 1101824K
  class space    used 7412K, capacity 7524K, committed 7552K, reserved 1048576K
Event: 2796.335 GC heap after
Heap after GC invocations=17 (full 2):
 PSYoungGen      total 186368K, used 17909K [0x00000000eaf80000, 0x00000000f9d00000, 0x0000000100000000)
  eden space 168448K, 0% used [0x00000000eaf80000,0x00000000eaf80000,0x00000000f5400000)
  from space 17920K, 99% used [0x00000000f5400000,0x00000000f657d660,0x00000000f6580000)
  to   space 20480K, 0% used [0x00000000f8900000,0x00000000f8900000,0x00000000f9d00000)
 ParOldGen       total 68608K, used 23831K [0x00000000c0e00000, 0x00000000c5100000, 0x00000000eaf80000)
  object space 68608K, 34% used [0x00000000c0e00000,0x00000000c2545ef8,0x00000000c5100000)
 Metaspace       used 58250K, capacity 58762K, committed 59160K, reserved 1101824K
  class space    used 7412K, capacity 7524K, committed 7552K, reserved 1048576K
}
Event: 2796.335 GC heap before
{Heap before GC invocations=18 (full 3):
 PSYoungGen      total 186368K, used 17909K [0x00000000eaf80000, 0x00000000f9d00000, 0x0000000100000000)
  eden space 168448K, 0% used [0x00000000eaf80000,0x00000000eaf80000,0x00000000f5400000)
  from space 17920K, 99% used [0x00000000f5400000,0x00000000f657d660,0x00000000f6580000)
  to   space 20480K, 0% used [0x00000000f8900000,0x00000000f8900000,0x00000000f9d00000)
 ParOldGen       total 68608K, used 23831K [0x00000000c0e00000, 0x00000000c5100000, 0x00000000eaf80000)
  object space 68608K, 34% used [0x00000000c0e00000,0x00000000c2545ef8,0x00000000c5100000)
 Metaspace       used 58250K, capacity 58762K, committed 59160K, reserved 1101824K
  class space    used 7412K, capacity 7524K, committed 7552K, reserved 1048576K
Event: 2796.615 GC heap after
Heap after GC invocations=18 (full 3):
 PSYoungGen      total 186368K, used 0K [0x00000000eaf80000, 0x00000000f9d00000, 0x0000000100000000)
  eden space 168448K, 0% used [0x00000000eaf80000,0x00000000eaf80000,0x00000000f5400000)
  from space 17920K, 0% used [0x00000000f5400000,0x00000000f5400000,0x00000000f6580000)
  to   space 20480K, 0% used [0x00000000f8900000,0x00000000f8900000,0x00000000f9d00000)
 ParOldGen       total 89088K, used 30037K [0x00000000c0e00000, 0x00000000c6500000, 0x00000000eaf80000)
  object space 89088K, 33% used [0x00000000c0e00000,0x00000000c2b555b0,0x00000000c6500000)
 Metaspace       used 58084K, capacity 58498K, committed 59160K, reserved 1101824K
  class space    used 7384K, capacity 7473K, committed 7552K, reserved 1048576K
}

Deoptimization events (10 events):
Event: 2853.790 Thread 0x000000005ca1e000 Uncommon trap: reason=unstable_if action=reinterpret pc=0x00000000038333f4 method=java.lang.ref.SoftReference.get()Ljava/lang/Object; @ 6
Event: 2853.790 Thread 0x000000005ca1e000 Uncommon trap: reason=unstable_if action=reinterpret pc=0x00000000038332a4 method=java.lang.ref.SoftReference.get()Ljava/lang/Object; @ 6
Event: 2853.791 Thread 0x000000005ca1e000 Uncommon trap: reason=unstable_if action=reinterpret pc=0x0000000003557898 method=java.lang.ref.SoftReference.get()Ljava/lang/Object; @ 6
Event: 2853.791 Thread 0x000000005ca1e000 Uncommon trap: reason=unstable_if action=reinterpret pc=0x00000000039879c8 method=java.lang.ref.SoftReference.get()Ljava/lang/Object; @ 6
Event: 2857.744 Thread 0x000000005ca1e000 Uncommon trap: reason=class_check action=maybe_recompile pc=0x0000000002a51138 method=java.lang.String.equals(Ljava/lang/Object;)Z @ 8
Event: 2880.923 Thread 0x000000005ca21000 Uncommon trap: reason=unstable_if action=reinterpret pc=0x0000000003aa71c4 method=java.util.concurrent.ConcurrentHashMap.addCount(JI)V @ 34
Event: 2880.935 Thread 0x000000005ca1f000 Uncommon trap: reason=unstable_if action=reinterpret pc=0x000000000337864c method=java.util.concurrent.ConcurrentHashMap.addCount(JI)V @ 7
Event: 2993.638 Thread 0x000000005ca1d800 Uncommon trap: reason=unstable_if action=reinterpret pc=0x0000000002bf30cc method=java.util.concurrent.ConcurrentHashMap.sumCount()J @ 11
Event: 3004.947 Thread 0x00000000580a4000 Uncommon trap: reason=unstable_if action=reinterpret pc=0x0000000003c513d8 method=java.nio.Buffer.limit(I)Ljava/nio/Buffer; @ 52
Event: 3085.296 Thread 0x0000000056544000 Uncommon trap: reason=unhandled action=none pc=0x000000000333443c method=java.net.URLClassLoader.findClass(Ljava/lang/String;)Ljava/lang/Class; @ 44

Internal exceptions (10 events):
Event: 2796.637 Thread 0x000000005ca21000 Implicit null exception at 0x00000000031d4bfd to 0x00000000031dc1a1
Event: 2796.639 Thread 0x000000005ca21000 Implicit null exception at 0x000000000336fe59 to 0x00000000033704a1
Event: 2824.350 Thread 0x000000005ca21000 Implicit null exception at 0x00000000038e07ad to 0x00000000038e5771
Event: 2824.352 Thread 0x000000005ca21000 Implicit null exception at 0x00000000034c7319 to 0x00000000034d04e1
Event: 2853.790 Thread 0x000000005ca1e000 Implicit null exception at 0x000000000382f423 to 0x00000000038333b0
Event: 2853.790 Thread 0x000000005ca1e000 Implicit null exception at 0x000000000382f423 to 0x00000000038333b0
Event: 2853.790 Thread 0x000000005ca1e000 Implicit null exception at 0x000000000382e9c4 to 0x000000000383327a
Event: 2853.791 Thread 0x000000005ca1e000 Implicit null exception at 0x0000000003553d39 to 0x0000000003557879
Event: 2853.791 Thread 0x000000005ca1e000 Implicit null exception at 0x000000000397cf81 to 0x00000000039879b5
Event: 3004.931 Thread 0x00000000580a4000 Exception <a 'java/io/IOException'> (0x00000000ecc7a220) thrown at [C:\re\workspace\8-2-build-windows-amd64-cygwin\jdk8u45\3627\hotspot\src\share\vm\prims\jni.cpp, line 709]

Events (10 events):
Event: 3052.967 Executing VM operation: ChangeBreakpoints done
Event: 3085.296 loading class org/apache/poi/ss/usermodel/Cell
Event: 3085.296 loading class org/apache/poi/ss/usermodel/Cell done
Event: 3085.296 Thread 0x0000000056544000 Uncommon trap: trap_request=0xffffffa7 fr.pc=0x000000000333443c
Event: 3085.296 Thread 0x0000000056544000 DEOPT PACKING pc=0x000000000333443c sp=0x000000005723cb80
Event: 3085.296 Thread 0x0000000056544000 DEOPT UNPACKING pc=0x000000000292582a sp=0x000000005723cb18 mode 2
Event: 3085.296 Thread 0x0000000056544000 DEOPT PACKING pc=0x0000000003af4da4 sp=0x000000005723cbc0
Event: 3085.296 Thread 0x0000000056544000 DEOPT UNPACKING pc=0x000000000292787f sp=0x000000005723c8b0 mode 1
Event: 3085.311 Executing VM operation: RedefineClasses
Event: 3085.377 Executing VM operation: RedefineClasses done


Dynamic libraries:
0x000000013fc00000 - 0x000000013fc37000 	D:\tools\jdk\bin\javaw.exe
0x00000000771f0000 - 0x000000007738f000 	C:\Windows\SYSTEM32\ntdll.dll
0x0000000076fd0000 - 0x00000000770ef000 	C:\Windows\system32\kernel32.dll
0x000007fefd3a0000 - 0x000007fefd40a000 	C:\Windows\system32\KERNELBASE.dll
0x000007fefeb70000 - 0x000007fefec4b000 	C:\Windows\system32\ADVAPI32.dll
0x000007fefd860000 - 0x000007fefd8ff000 	C:\Windows\system32\msvcrt.dll
0x000007fefeb50000 - 0x000007fefeb6f000 	C:\Windows\SYSTEM32\sechost.dll
0x000007fefd730000 - 0x000007fefd85d000 	C:\Windows\system32\RPCRT4.dll
0x00000000770f0000 - 0x00000000771ea000 	C:\Windows\system32\USER32.dll
0x000007feff410000 - 0x000007feff477000 	C:\Windows\system32\GDI32.dll
0x000007fefeb40000 - 0x000007fefeb4e000 	C:\Windows\system32\LPK.dll
0x000007fefec80000 - 0x000007fefed4b000 	C:\Windows\system32\USP10.dll
0x000007fefb8f0000 - 0x000007fefbae4000 	C:\Windows\WinSxS\amd64_microsoft.windows.common-controls_6595b64144ccf1df_6.0.7601.18837_none_fa3b1e3d17594757\COMCTL32.dll
0x000007fefdb30000 - 0x000007fefdba1000 	C:\Windows\system32\SHLWAPI.dll
0x000007fefec50000 - 0x000007fefec7e000 	C:\Windows\system32\IMM32.DLL
0x000007fefed50000 - 0x000007fefee59000 	C:\Windows\system32\MSCTF.dll
0x0000000067a40000 - 0x0000000067b12000 	D:\tools\jdk\bin\msvcr100.dll
0x000000006d920000 - 0x000000006e1a3000 	D:\tools\jdk\bin\server\jvm.dll
0x000007fef4e00000 - 0x000007fef4e09000 	C:\Windows\system32\WSOCK32.dll
0x000007feff490000 - 0x000007feff4dd000 	C:\Windows\system32\WS2_32.dll
0x000007feff480000 - 0x000007feff488000 	C:\Windows\system32\NSI.dll
0x000007fefa240000 - 0x000007fefa27b000 	C:\Windows\system32\WINMM.dll
0x000007fefc1e0000 - 0x000007fefc1ec000 	C:\Windows\system32\VERSION.dll
0x00000000773a0000 - 0x00000000773a7000 	C:\Windows\system32\PSAPI.DLL
0x0000000070960000 - 0x000000007096f000 	D:\tools\jdk\bin\verify.dll
0x000000006e930000 - 0x000000006e959000 	D:\tools\jdk\bin\java.dll
0x0000000069c70000 - 0x0000000069ca5000 	D:\tools\jdk\bin\jdwp.dll
0x000000006e1c0000 - 0x000000006e1c8000 	D:\tools\jdk\bin\npt.dll
0x00000000703e0000 - 0x00000000703f6000 	D:\tools\jdk\bin\zip.dll
0x000007fefdbb0000 - 0x000007fefe93a000 	C:\Windows\system32\SHELL32.dll
0x000007fefe940000 - 0x000007fefeb3f000 	C:\Windows\system32\ole32.dll
0x000007fefd0e0000 - 0x000007fefd0ef000 	C:\Windows\system32\profapi.dll
0x0000000069c60000 - 0x0000000069c69000 	D:\tools\jdk\bin\dt_socket.dll
0x000007fefae20000 - 0x000007fefae35000 	C:\Windows\system32\NLAapi.dll
0x000007fef7be0000 - 0x000007fef7bf5000 	C:\Windows\system32\napinsp.dll
0x000007fef7bc0000 - 0x000007fef7bd9000 	C:\Windows\system32\pnrpnsp.dll
0x000007fefca30000 - 0x000007fefca85000 	C:\Windows\System32\mswsock.dll
0x000007fefc750000 - 0x000007fefc7ab000 	C:\Windows\system32\DNSAPI.dll
0x000007fef8c70000 - 0x000007fef8c7b000 	C:\Windows\System32\winrnr.dll
0x000007fefa840000 - 0x000007fefa867000 	C:\Windows\system32\IPHLPAPI.DLL
0x000007fefa820000 - 0x000007fefa82b000 	C:\Windows\system32\WINNSI.DLL
0x000007fefa6b0000 - 0x000007fefa703000 	C:\Windows\System32\fwpuclnt.dll
0x000007fefa650000 - 0x000007fefa658000 	C:\Windows\system32\rasadhlp.dll
0x000007fefc2b0000 - 0x000007fefc2b7000 	C:\Windows\System32\wshtcpip.dll
0x0000000069c50000 - 0x0000000069c5d000 	D:\tools\jdk\bin\management.dll
0x000000006e910000 - 0x000000006e92a000 	D:\tools\jdk\bin\net.dll
0x000007fefc8c0000 - 0x000007fefc8c7000 	C:\Windows\System32\wship6.dll
0x000000006e8f0000 - 0x000000006e901000 	D:\tools\jdk\bin\nio.dll
0x000007fefcc80000 - 0x000007fefcc98000 	C:\Windows\system32\CRYPTSP.dll
0x000007fefc630000 - 0x000007fefc677000 	C:\Windows\system32\rsaenh.dll
0x000007fefc3f0000 - 0x000007fefc40e000 	C:\Windows\system32\USERENV.dll
0x000007fefcfd0000 - 0x000007fefcfdf000 	C:\Windows\system32\CRYPTBASE.dll
0x000007fefa580000 - 0x000007fefa598000 	C:\Windows\system32\dhcpcsvc.DLL
0x000007fefa560000 - 0x000007fefa571000 	C:\Windows\system32\dhcpcsvc6.DLL
0x000007fef8d90000 - 0x000007fef8eb5000 	C:\Windows\system32\dbghelp.dll

VM Arguments:
jvm_args: -agentlib:jdwp=transport=dt_socket,suspend=y,address=localhost:54399 -Dfile.encoding=UTF-8 
java_command: com.lxg.spring.Application
java_class_path (initial): D:\workSpace-springboot\springboot-security-adminxe\springboot-security-master\target\classes;C:\Users\Administrator\.m2\repository\org\springframework\boot\spring-boot-starter-web\1.4.4.RELEASE\spring-boot-starter-web-1.4.4.RELEASE.jar;C:\Users\Administrator\.m2\repository\org\springframework\boot\spring-boot-starter\1.4.4.RELEASE\spring-boot-starter-1.4.4.RELEASE.jar;C:\Users\Administrator\.m2\repository\org\springframework\boot\spring-boot\1.4.4.RELEASE\spring-boot-1.4.4.RELEASE.jar;C:\Users\Administrator\.m2\repository\org\springframework\boot\spring-boot-autoconfigure\1.4.4.RELEASE\spring-boot-autoconfigure-1.4.4.RELEASE.jar;C:\Users\Administrator\.m2\repository\org\springframework\boot\spring-boot-starter-logging\1.4.4.RELEASE\spring-boot-starter-logging-1.4.4.RELEASE.jar;C:\Users\Administrator\.m2\repository\ch\qos\logback\logback-classic\1.1.9\logback-classic-1.1.9.jar;C:\Users\Administrator\.m2\repository\ch\qos\logback\logback-core\1.1.9\logback-core-1.1.9.jar;C:\Users\Administrator\.m2\repository\org\slf4j\jul-to-slf4j\1.7.22\jul-to-slf4j-1.7.22.jar;C:\Users\Administrator\.m2\repository\org\slf4j\log4j-over-slf4j\1.7.22\log4j-over-slf4j-1.7.22.jar;C:\Users\Administrator\.m2\repository\org\yaml\snakeyaml\1.17\snakeyaml-1.17.jar;C:\Users\Administrator\.m2\repository\org\springframework\boot\spring-boot-starter-tomcat\1.4.4.RELEASE\spring-boot-starter-tomcat-1.4.4.RELEASE.jar;C:\Users\Administrator\.m2\repository\org\apache\tomcat\embed\tomcat-embed-core\8.5.11\tomcat-embed-core-8.5.11.jar;C:\Users\Administrator\.m2\repository\org\apache\tomcat\embed\tomcat-embed-el\8.5.11\tomcat-embed-el-8.5.11.jar;C:\Users\Administrator\.m2\repository\org\apache\tomcat\embed\tomcat-embed-websocket\8.5.11\tomcat-embed-websocket-8.5.11.jar;C:\Users\Administrator\.m2\repository\org\hibernate\hibernate-validator\5.2.4.Final\hibernate-validator-5.2.4.Final.jar;C:\Users\Administrator\.m2\repository\javax\validation\validation-api\1.1.0.Final\validati
Launcher Type: SUN_STANDARD

Environment Variables:
JAVA_HOME=D:\tools\jdk
CLASSPATH=.;D:\tools\jdk\lib;D:\tools\jdk\lib\tools.jar
PATH=D:/tools/jdk/bin/server;D:/tools/jdk/bin;D:/tools/jdk/lib/amd64;C:\Windows\system32;C:\Windows;C:\Windows\System32\Wbem;C:\Windows\System32\WindowsPowerShell\v1.0\;D:\tools\jdk\bin;D:\tools\jdk\jre\bin;D:\tools\mysql\mysql-5.6.24-winx64\bin;D:\tools\maven\apache-maven-3.5.4\bin;C:\Program Files\Git\cmd;D:\tools\eclipse;
USERNAME=Administrator
OS=Windows_NT
PROCESSOR_IDENTIFIER=Intel64 Family 6 Model 42 Stepping 7, GenuineIntel



---------------  S Y S T E M  ---------------

OS: Windows 7 , 64 bit Build 7601 (6.1.7601.24308)

CPU:total 4 (2 cores per cpu, 2 threads per core) family 6 model 42 stepping 7, cmov, cx8, fxsr, mmx, sse, sse2, sse3, ssse3, sse4.1, sse4.2, popcnt, avx, clmul, ht, tsc, tscinvbit

Memory: 4k page, physical 4136816k(942692k free), swap 8271732k(3406920k free)

vm_info: Java HotSpot(TM) 64-Bit Server VM (25.45-b02) for windows-amd64 JRE (1.8.0_45-b15), built on Apr 30 2015 12:40:44 by "java_re" with MS VC++ 10.0 (VS2010)

time: Sun May 12 21:11:23 2019
elapsed time: 3085 seconds (0d 0h 51m 25s)

